[2025-12-10T03:36:58.741+0000] {local_task_job_runner.py:120} INFO - ::group::Pre task execution logs
[2025-12-10T03:36:58.764+0000] {taskinstance.py:2076} INFO - Dependencies all met for dep_context=non-requeueable deps ti=<TaskInstance: vogue_ai_data_etl.scrape_images manual__2025-12-10T03:36:55.235445+00:00 [queued]>
[2025-12-10T03:36:58.770+0000] {taskinstance.py:2076} INFO - Dependencies all met for dep_context=requeueable deps ti=<TaskInstance: vogue_ai_data_etl.scrape_images manual__2025-12-10T03:36:55.235445+00:00 [queued]>
[2025-12-10T03:36:58.770+0000] {taskinstance.py:2306} INFO - Starting attempt 1 of 1
[2025-12-10T03:36:58.779+0000] {taskinstance.py:2330} INFO - Executing <Task(BashOperator): scrape_images> on 2025-12-10 03:36:55.235445+00:00
[2025-12-10T03:36:58.788+0000] {standard_task_runner.py:64} INFO - Started process 79 to run task
[2025-12-10T03:36:58.792+0000] {standard_task_runner.py:90} INFO - Running: ['***', 'tasks', 'run', 'vogue_ai_data_etl', 'scrape_images', 'manual__2025-12-10T03:36:55.235445+00:00', '--job-id', '104', '--raw', '--subdir', 'DAGS_FOLDER/vogue_etl_dag.py', '--cfg-path', '/tmp/tmp3rktj14i']
[2025-12-10T03:36:58.795+0000] {standard_task_runner.py:91} INFO - Job 104: Subtask scrape_images
[2025-12-10T03:36:58.841+0000] {task_command.py:426} INFO - Running <TaskInstance: vogue_ai_data_etl.scrape_images manual__2025-12-10T03:36:55.235445+00:00 [running]> on host a3297812de52
[2025-12-10T03:36:58.894+0000] {taskinstance.py:2648} INFO - Exporting env vars: AIRFLOW_CTX_DAG_OWNER='***' AIRFLOW_CTX_DAG_ID='vogue_ai_data_etl' AIRFLOW_CTX_TASK_ID='scrape_images' AIRFLOW_CTX_EXECUTION_DATE='2025-12-10T03:36:55.235445+00:00' AIRFLOW_CTX_TRY_NUMBER='1' AIRFLOW_CTX_DAG_RUN_ID='manual__2025-12-10T03:36:55.235445+00:00'
[2025-12-10T03:36:58.896+0000] {taskinstance.py:430} INFO - ::endgroup::
[2025-12-10T03:36:58.897+0000] {subprocess.py:63} INFO - Tmp dir root location: /tmp
[2025-12-10T03:36:58.897+0000] {subprocess.py:75} INFO - Running command: ['/usr/bin/bash', '-c', 'python3 /opt/***/dags/scripts/vogue_image_scraper.py']
[2025-12-10T03:36:58.906+0000] {subprocess.py:86} INFO - Output:
[2025-12-10T03:36:59.435+0000] {subprocess.py:93} INFO - Traceback (most recent call last):
[2025-12-10T03:36:59.436+0000] {subprocess.py:93} INFO -   File "/opt/***/dags/scripts/vogue_image_scraper.py", line 17, in <module>
[2025-12-10T03:36:59.437+0000] {subprocess.py:93} INFO -     from PIL import Image
[2025-12-10T03:36:59.438+0000] {subprocess.py:93} INFO - ModuleNotFoundError: No module named 'PIL'
[2025-12-10T03:36:59.457+0000] {subprocess.py:97} INFO - Command exited with return code 1
[2025-12-10T03:36:59.458+0000] {taskinstance.py:441} INFO - ::group::Post task execution logs
[2025-12-10T03:36:59.467+0000] {taskinstance.py:2905} ERROR - Task failed with exception
Traceback (most recent call last):
  File "/home/airflow/.local/lib/python3.11/site-packages/airflow/models/taskinstance.py", line 465, in _execute_task
    result = _execute_callable(context=context, **execute_callable_kwargs)
             ^^^^^^^^^^^^^^^^^^^^^^^^^^^^^^^^^^^^^^^^^^^^^^^^^^^^^^^^^^^^^
  File "/home/airflow/.local/lib/python3.11/site-packages/airflow/models/taskinstance.py", line 432, in _execute_callable
    return execute_callable(context=context, **execute_callable_kwargs)
           ^^^^^^^^^^^^^^^^^^^^^^^^^^^^^^^^^^^^^^^^^^^^^^^^^^^^^^^^^^^^
  File "/home/airflow/.local/lib/python3.11/site-packages/airflow/models/baseoperator.py", line 401, in wrapper
    return func(self, *args, **kwargs)
           ^^^^^^^^^^^^^^^^^^^^^^^^^^^
  File "/home/airflow/.local/lib/python3.11/site-packages/airflow/operators/bash.py", line 243, in execute
    raise AirflowException(
airflow.exceptions.AirflowException: Bash command failed. The command returned a non-zero exit code 1.
[2025-12-10T03:36:59.471+0000] {taskinstance.py:1206} INFO - Marking task as FAILED. dag_id=vogue_ai_data_etl, task_id=scrape_images, run_id=manual__2025-12-10T03:36:55.235445+00:00, execution_date=20251210T033655, start_date=20251210T033658, end_date=20251210T033659
[2025-12-10T03:36:59.480+0000] {standard_task_runner.py:110} ERROR - Failed to execute job 104 for task scrape_images (Bash command failed. The command returned a non-zero exit code 1.; 79)
[2025-12-10T03:36:59.523+0000] {local_task_job_runner.py:243} INFO - Task exited with return code 1
[2025-12-10T03:36:59.540+0000] {taskinstance.py:3503} INFO - 0 downstream tasks scheduled from follow-on schedule check
[2025-12-10T03:36:59.541+0000] {local_task_job_runner.py:222} INFO - ::endgroup::
