[2025-12-10T03:19:35.492+0000] {local_task_job_runner.py:120} INFO - ::group::Pre task execution logs
[2025-12-10T03:19:35.519+0000] {taskinstance.py:2076} INFO - Dependencies all met for dep_context=non-requeueable deps ti=<TaskInstance: vogue_ai_data_etl.scrape_images manual__2025-12-10T03:19:30.435410+00:00 [queued]>
[2025-12-10T03:19:35.524+0000] {taskinstance.py:2076} INFO - Dependencies all met for dep_context=requeueable deps ti=<TaskInstance: vogue_ai_data_etl.scrape_images manual__2025-12-10T03:19:30.435410+00:00 [queued]>
[2025-12-10T03:19:35.524+0000] {taskinstance.py:2306} INFO - Starting attempt 1 of 1
[2025-12-10T03:19:35.533+0000] {taskinstance.py:2330} INFO - Executing <Task(BashOperator): scrape_images> on 2025-12-10 03:19:30.435410+00:00
[2025-12-10T03:19:35.544+0000] {standard_task_runner.py:64} INFO - Started process 79 to run task
[2025-12-10T03:19:35.549+0000] {standard_task_runner.py:90} INFO - Running: ['***', 'tasks', 'run', 'vogue_ai_data_etl', 'scrape_images', 'manual__2025-12-10T03:19:30.435410+00:00', '--job-id', '57', '--raw', '--subdir', 'DAGS_FOLDER/vogue_etl_dag.py', '--cfg-path', '/tmp/tmpd4cnkvgp']
[2025-12-10T03:19:35.553+0000] {standard_task_runner.py:91} INFO - Job 57: Subtask scrape_images
[2025-12-10T03:19:35.607+0000] {task_command.py:426} INFO - Running <TaskInstance: vogue_ai_data_etl.scrape_images manual__2025-12-10T03:19:30.435410+00:00 [running]> on host 45f182d81281
[2025-12-10T03:19:35.668+0000] {taskinstance.py:2648} INFO - Exporting env vars: AIRFLOW_CTX_DAG_OWNER='***' AIRFLOW_CTX_DAG_ID='vogue_ai_data_etl' AIRFLOW_CTX_TASK_ID='scrape_images' AIRFLOW_CTX_EXECUTION_DATE='2025-12-10T03:19:30.435410+00:00' AIRFLOW_CTX_TRY_NUMBER='1' AIRFLOW_CTX_DAG_RUN_ID='manual__2025-12-10T03:19:30.435410+00:00'
[2025-12-10T03:19:35.670+0000] {taskinstance.py:430} INFO - ::endgroup::
[2025-12-10T03:19:35.671+0000] {subprocess.py:63} INFO - Tmp dir root location: /tmp
[2025-12-10T03:19:35.672+0000] {subprocess.py:75} INFO - Running command: ['/usr/bin/bash', '-c', 'python3 /opt/***/dags/scripts/vogue_image_scraper.py']
[2025-12-10T03:19:35.681+0000] {subprocess.py:86} INFO - Output:
[2025-12-10T03:19:36.244+0000] {subprocess.py:93} INFO - Traceback (most recent call last):
[2025-12-10T03:19:36.245+0000] {subprocess.py:93} INFO -   File "/opt/***/dags/scripts/vogue_image_scraper.py", line 17, in <module>
[2025-12-10T03:19:36.248+0000] {subprocess.py:93} INFO -     from PIL import Image
[2025-12-10T03:19:36.248+0000] {subprocess.py:93} INFO - ModuleNotFoundError: No module named 'PIL'
[2025-12-10T03:19:36.282+0000] {subprocess.py:97} INFO - Command exited with return code 1
[2025-12-10T03:19:36.284+0000] {taskinstance.py:441} INFO - ::group::Post task execution logs
[2025-12-10T03:19:36.295+0000] {taskinstance.py:2905} ERROR - Task failed with exception
Traceback (most recent call last):
  File "/home/airflow/.local/lib/python3.11/site-packages/airflow/models/taskinstance.py", line 465, in _execute_task
    result = _execute_callable(context=context, **execute_callable_kwargs)
             ^^^^^^^^^^^^^^^^^^^^^^^^^^^^^^^^^^^^^^^^^^^^^^^^^^^^^^^^^^^^^
  File "/home/airflow/.local/lib/python3.11/site-packages/airflow/models/taskinstance.py", line 432, in _execute_callable
    return execute_callable(context=context, **execute_callable_kwargs)
           ^^^^^^^^^^^^^^^^^^^^^^^^^^^^^^^^^^^^^^^^^^^^^^^^^^^^^^^^^^^^
  File "/home/airflow/.local/lib/python3.11/site-packages/airflow/models/baseoperator.py", line 401, in wrapper
    return func(self, *args, **kwargs)
           ^^^^^^^^^^^^^^^^^^^^^^^^^^^
  File "/home/airflow/.local/lib/python3.11/site-packages/airflow/operators/bash.py", line 243, in execute
    raise AirflowException(
airflow.exceptions.AirflowException: Bash command failed. The command returned a non-zero exit code 1.
[2025-12-10T03:19:36.300+0000] {taskinstance.py:1206} INFO - Marking task as FAILED. dag_id=vogue_ai_data_etl, task_id=scrape_images, run_id=manual__2025-12-10T03:19:30.435410+00:00, execution_date=20251210T031930, start_date=20251210T031935, end_date=20251210T031936
[2025-12-10T03:19:36.315+0000] {standard_task_runner.py:110} ERROR - Failed to execute job 57 for task scrape_images (Bash command failed. The command returned a non-zero exit code 1.; 79)
[2025-12-10T03:19:36.323+0000] {local_task_job_runner.py:243} INFO - Task exited with return code 1
[2025-12-10T03:19:36.354+0000] {taskinstance.py:3503} INFO - 0 downstream tasks scheduled from follow-on schedule check
[2025-12-10T03:19:36.356+0000] {local_task_job_runner.py:222} INFO - ::endgroup::
