[2026-01-06T14:02:23.362+1100] {local_task_job_runner.py:120} INFO - ::group::Pre task execution logs
[2026-01-06T14:02:23.375+1100] {taskinstance.py:2076} INFO - Dependencies all met for dep_context=non-requeueable deps ti=<TaskInstance: vogue_ai_data_etl.scrape_images scheduled__2026-01-01T00:00:00+00:00 [queued]>
[2026-01-06T14:02:23.379+1100] {taskinstance.py:2076} INFO - Dependencies all met for dep_context=requeueable deps ti=<TaskInstance: vogue_ai_data_etl.scrape_images scheduled__2026-01-01T00:00:00+00:00 [queued]>
[2026-01-06T14:02:23.379+1100] {taskinstance.py:2306} INFO - Starting attempt 1 of 1
[2026-01-06T14:02:23.384+1100] {taskinstance.py:2330} INFO - Executing <Task(BashOperator): scrape_images> on 2026-01-01 00:00:00+00:00
[2026-01-06T14:02:23.387+1100] {standard_task_runner.py:64} INFO - Started process 87118 to run task
[2026-01-06T14:02:23.390+1100] {standard_task_runner.py:90} INFO - Running: ['airflow', 'tasks', 'run', 'vogue_ai_data_etl', 'scrape_images', 'scheduled__2026-01-01T00:00:00+00:00', '--job-id', '28', '--raw', '--subdir', 'DAGS_FOLDER/vogue_etl_dag.py', '--cfg-path', '/var/folders/hl/t69nqzgn30d410985yz_fxq40000gn/T/tmpml97j_ds']
[2026-01-06T14:02:23.392+1100] {standard_task_runner.py:91} INFO - Job 28: Subtask scrape_images
[2026-01-06T14:02:23.411+1100] {task_command.py:426} INFO - Running <TaskInstance: vogue_ai_data_etl.scrape_images scheduled__2026-01-01T00:00:00+00:00 [running]> on host fionas-macbook-pro.local
[2026-01-06T14:02:23.435+1100] {taskinstance.py:2648} INFO - Exporting env vars: AIRFLOW_CTX_DAG_OWNER='airflow' AIRFLOW_CTX_DAG_ID='vogue_ai_data_etl' AIRFLOW_CTX_TASK_ID='scrape_images' AIRFLOW_CTX_EXECUTION_DATE='2026-01-01T00:00:00+00:00' AIRFLOW_CTX_TRY_NUMBER='1' AIRFLOW_CTX_DAG_RUN_ID='scheduled__2026-01-01T00:00:00+00:00'
[2026-01-06T14:02:23.436+1100] {taskinstance.py:430} INFO - ::endgroup::
[2026-01-06T14:02:23.436+1100] {subprocess.py:63} INFO - Tmp dir root location: /var/folders/hl/t69nqzgn30d410985yz_fxq40000gn/T
[2026-01-06T14:02:23.436+1100] {subprocess.py:75} INFO - Running command: ['/bin/bash', '-c', 'python3 /opt/airflow/dags/scripts/hello_world.py']
[2026-01-06T14:02:23.441+1100] {subprocess.py:86} INFO - Output:
[2026-01-06T14:02:23.456+1100] {subprocess.py:93} INFO - python3: can't open file '/opt/airflow/dags/scripts/hello_world.py': [Errno 2] No such file or directory
[2026-01-06T14:02:23.458+1100] {subprocess.py:97} INFO - Command exited with return code 2
[2026-01-06T14:02:23.458+1100] {taskinstance.py:441} INFO - ::group::Post task execution logs
[2026-01-06T14:02:23.463+1100] {taskinstance.py:2905} ERROR - Task failed with exception
Traceback (most recent call last):
  File "/Users/fionatham/Documents/Projects/vogue_data_pipeline/venv/lib/python3.11/site-packages/airflow/models/taskinstance.py", line 465, in _execute_task
    result = _execute_callable(context=context, **execute_callable_kwargs)
             ^^^^^^^^^^^^^^^^^^^^^^^^^^^^^^^^^^^^^^^^^^^^^^^^^^^^^^^^^^^^^
  File "/Users/fionatham/Documents/Projects/vogue_data_pipeline/venv/lib/python3.11/site-packages/airflow/models/taskinstance.py", line 432, in _execute_callable
    return execute_callable(context=context, **execute_callable_kwargs)
           ^^^^^^^^^^^^^^^^^^^^^^^^^^^^^^^^^^^^^^^^^^^^^^^^^^^^^^^^^^^^
  File "/Users/fionatham/Documents/Projects/vogue_data_pipeline/venv/lib/python3.11/site-packages/airflow/models/baseoperator.py", line 401, in wrapper
    return func(self, *args, **kwargs)
           ^^^^^^^^^^^^^^^^^^^^^^^^^^^
  File "/Users/fionatham/Documents/Projects/vogue_data_pipeline/venv/lib/python3.11/site-packages/airflow/operators/bash.py", line 243, in execute
    raise AirflowException(
airflow.exceptions.AirflowException: Bash command failed. The command returned a non-zero exit code 2.
[2026-01-06T14:02:23.464+1100] {taskinstance.py:1206} INFO - Marking task as FAILED. dag_id=vogue_ai_data_etl, task_id=scrape_images, run_id=scheduled__2026-01-01T00:00:00+00:00, execution_date=20260101T000000, start_date=20260106T030223, end_date=20260106T030223
[2026-01-06T14:02:23.468+1100] {standard_task_runner.py:110} ERROR - Failed to execute job 28 for task scrape_images (Bash command failed. The command returned a non-zero exit code 2.; 87118)
[2026-01-06T14:02:23.495+1100] {local_task_job_runner.py:243} INFO - Task exited with return code 1
[2026-01-06T14:02:23.501+1100] {taskinstance.py:3503} INFO - 0 downstream tasks scheduled from follow-on schedule check
[2026-01-06T14:02:23.501+1100] {local_task_job_runner.py:222} INFO - ::endgroup::
