[2026-01-06T14:05:50.995+1100] {local_task_job_runner.py:120} INFO - ::group::Pre task execution logs
[2026-01-06T14:05:51.007+1100] {taskinstance.py:2076} INFO - Dependencies all met for dep_context=non-requeueable deps ti=<TaskInstance: vogue_ai_data_etl.hello_world manual__2026-01-06T03:05:48.703426+00:00 [queued]>
[2026-01-06T14:05:51.010+1100] {taskinstance.py:2076} INFO - Dependencies all met for dep_context=requeueable deps ti=<TaskInstance: vogue_ai_data_etl.hello_world manual__2026-01-06T03:05:48.703426+00:00 [queued]>
[2026-01-06T14:05:51.010+1100] {taskinstance.py:2306} INFO - Starting attempt 1 of 1
[2026-01-06T14:05:51.015+1100] {taskinstance.py:2330} INFO - Executing <Task(BashOperator): hello_world> on 2026-01-06 03:05:48.703426+00:00
[2026-01-06T14:05:51.018+1100] {standard_task_runner.py:64} INFO - Started process 87449 to run task
[2026-01-06T14:05:51.023+1100] {standard_task_runner.py:90} INFO - Running: ['airflow', 'tasks', 'run', 'vogue_ai_data_etl', 'hello_world', 'manual__2026-01-06T03:05:48.703426+00:00', '--job-id', '35', '--raw', '--subdir', 'DAGS_FOLDER/vogue_etl_dag.py', '--cfg-path', '/var/folders/hl/t69nqzgn30d410985yz_fxq40000gn/T/tmpbu63840s']
[2026-01-06T14:05:51.024+1100] {standard_task_runner.py:91} INFO - Job 35: Subtask hello_world
[2026-01-06T14:05:51.047+1100] {task_command.py:426} INFO - Running <TaskInstance: vogue_ai_data_etl.hello_world manual__2026-01-06T03:05:48.703426+00:00 [running]> on host fionas-macbook-pro.local
[2026-01-06T14:05:51.071+1100] {taskinstance.py:2648} INFO - Exporting env vars: AIRFLOW_CTX_DAG_OWNER='airflow' AIRFLOW_CTX_DAG_ID='vogue_ai_data_etl' AIRFLOW_CTX_TASK_ID='hello_world' AIRFLOW_CTX_EXECUTION_DATE='2026-01-06T03:05:48.703426+00:00' AIRFLOW_CTX_TRY_NUMBER='1' AIRFLOW_CTX_DAG_RUN_ID='manual__2026-01-06T03:05:48.703426+00:00'
[2026-01-06T14:05:51.072+1100] {taskinstance.py:430} INFO - ::endgroup::
[2026-01-06T14:05:51.073+1100] {subprocess.py:63} INFO - Tmp dir root location: /var/folders/hl/t69nqzgn30d410985yz_fxq40000gn/T
[2026-01-06T14:05:51.073+1100] {subprocess.py:75} INFO - Running command: ['/bin/bash', '-c', 'python3 /opt/airflow/dags/scripts/hello_world.py']
[2026-01-06T14:05:51.078+1100] {subprocess.py:86} INFO - Output:
[2026-01-06T14:05:51.092+1100] {subprocess.py:93} INFO - python3: can't open file '/opt/airflow/dags/scripts/hello_world.py': [Errno 2] No such file or directory
[2026-01-06T14:05:51.093+1100] {subprocess.py:97} INFO - Command exited with return code 2
[2026-01-06T14:05:51.094+1100] {taskinstance.py:441} INFO - ::group::Post task execution logs
[2026-01-06T14:05:51.099+1100] {taskinstance.py:2905} ERROR - Task failed with exception
Traceback (most recent call last):
  File "/Users/fionatham/Documents/Projects/vogue_data_pipeline/venv/lib/python3.11/site-packages/airflow/models/taskinstance.py", line 465, in _execute_task
    result = _execute_callable(context=context, **execute_callable_kwargs)
             ^^^^^^^^^^^^^^^^^^^^^^^^^^^^^^^^^^^^^^^^^^^^^^^^^^^^^^^^^^^^^
  File "/Users/fionatham/Documents/Projects/vogue_data_pipeline/venv/lib/python3.11/site-packages/airflow/models/taskinstance.py", line 432, in _execute_callable
    return execute_callable(context=context, **execute_callable_kwargs)
           ^^^^^^^^^^^^^^^^^^^^^^^^^^^^^^^^^^^^^^^^^^^^^^^^^^^^^^^^^^^^
  File "/Users/fionatham/Documents/Projects/vogue_data_pipeline/venv/lib/python3.11/site-packages/airflow/models/baseoperator.py", line 401, in wrapper
    return func(self, *args, **kwargs)
           ^^^^^^^^^^^^^^^^^^^^^^^^^^^
  File "/Users/fionatham/Documents/Projects/vogue_data_pipeline/venv/lib/python3.11/site-packages/airflow/operators/bash.py", line 243, in execute
    raise AirflowException(
airflow.exceptions.AirflowException: Bash command failed. The command returned a non-zero exit code 2.
[2026-01-06T14:05:51.102+1100] {taskinstance.py:1206} INFO - Marking task as FAILED. dag_id=vogue_ai_data_etl, task_id=hello_world, run_id=manual__2026-01-06T03:05:48.703426+00:00, execution_date=20260106T030548, start_date=20260106T030551, end_date=20260106T030551
[2026-01-06T14:05:51.106+1100] {standard_task_runner.py:110} ERROR - Failed to execute job 35 for task hello_world (Bash command failed. The command returned a non-zero exit code 2.; 87449)
[2026-01-06T14:05:51.130+1100] {local_task_job_runner.py:243} INFO - Task exited with return code 1
[2026-01-06T14:05:51.136+1100] {taskinstance.py:3503} INFO - 0 downstream tasks scheduled from follow-on schedule check
[2026-01-06T14:05:51.136+1100] {local_task_job_runner.py:222} INFO - ::endgroup::
