[2025-12-10T03:45:58.851+0000] {local_task_job_runner.py:120} INFO - ::group::Pre task execution logs
[2025-12-10T03:45:58.869+0000] {taskinstance.py:2076} INFO - Dependencies all met for dep_context=non-requeueable deps ti=<TaskInstance: vogue_ai_data_etl.scrape_images manual__2025-12-10T03:45:55.108573+00:00 [queued]>
[2025-12-10T03:45:58.874+0000] {taskinstance.py:2076} INFO - Dependencies all met for dep_context=requeueable deps ti=<TaskInstance: vogue_ai_data_etl.scrape_images manual__2025-12-10T03:45:55.108573+00:00 [queued]>
[2025-12-10T03:45:58.874+0000] {taskinstance.py:2306} INFO - Starting attempt 1 of 1
[2025-12-10T03:45:58.883+0000] {taskinstance.py:2330} INFO - Executing <Task(BashOperator): scrape_images> on 2025-12-10 03:45:55.108573+00:00
[2025-12-10T03:45:58.911+0000] {standard_task_runner.py:64} INFO - Started process 91 to run task
[2025-12-10T03:45:58.915+0000] {standard_task_runner.py:90} INFO - Running: ['***', 'tasks', 'run', 'vogue_ai_data_etl', 'scrape_images', 'manual__2025-12-10T03:45:55.108573+00:00', '--job-id', '140', '--raw', '--subdir', 'DAGS_FOLDER/vogue_etl_dag.py', '--cfg-path', '/tmp/tmplvj1235u']
[2025-12-10T03:45:58.923+0000] {standard_task_runner.py:91} INFO - Job 140: Subtask scrape_images
[2025-12-10T03:45:58.998+0000] {task_command.py:426} INFO - Running <TaskInstance: vogue_ai_data_etl.scrape_images manual__2025-12-10T03:45:55.108573+00:00 [running]> on host 0aa0baa0339c
[2025-12-10T03:45:59.067+0000] {taskinstance.py:2648} INFO - Exporting env vars: AIRFLOW_CTX_DAG_OWNER='***' AIRFLOW_CTX_DAG_ID='vogue_ai_data_etl' AIRFLOW_CTX_TASK_ID='scrape_images' AIRFLOW_CTX_EXECUTION_DATE='2025-12-10T03:45:55.108573+00:00' AIRFLOW_CTX_TRY_NUMBER='1' AIRFLOW_CTX_DAG_RUN_ID='manual__2025-12-10T03:45:55.108573+00:00'
[2025-12-10T03:45:59.069+0000] {taskinstance.py:430} INFO - ::endgroup::
[2025-12-10T03:45:59.070+0000] {subprocess.py:63} INFO - Tmp dir root location: /tmp
[2025-12-10T03:45:59.070+0000] {subprocess.py:75} INFO - Running command: ['/usr/bin/bash', '-c', 'python3 /opt/***/dags/scripts/vogue_image_scraper.py']
[2025-12-10T03:45:59.082+0000] {subprocess.py:86} INFO - Output:
[2025-12-10T03:45:59.706+0000] {subprocess.py:93} INFO - Traceback (most recent call last):
[2025-12-10T03:45:59.706+0000] {subprocess.py:93} INFO -   File "/opt/***/dags/scripts/vogue_image_scraper.py", line 26, in <module>
[2025-12-10T03:45:59.707+0000] {subprocess.py:93} INFO -     ROOT = Path.cwd().parents[2]
[2025-12-10T03:45:59.707+0000] {subprocess.py:93} INFO -            ~~~~~~~~~~~~~~~~~~^^^
[2025-12-10T03:45:59.707+0000] {subprocess.py:93} INFO -   File "/usr/local/lib/python3.11/pathlib.py", line 445, in __getitem__
[2025-12-10T03:45:59.707+0000] {subprocess.py:93} INFO -     raise IndexError(idx)
[2025-12-10T03:45:59.707+0000] {subprocess.py:93} INFO - IndexError: 2
[2025-12-10T03:45:59.736+0000] {subprocess.py:97} INFO - Command exited with return code 1
[2025-12-10T03:45:59.739+0000] {taskinstance.py:441} INFO - ::group::Post task execution logs
[2025-12-10T03:45:59.765+0000] {taskinstance.py:2905} ERROR - Task failed with exception
Traceback (most recent call last):
  File "/home/airflow/.local/lib/python3.11/site-packages/airflow/models/taskinstance.py", line 465, in _execute_task
    result = _execute_callable(context=context, **execute_callable_kwargs)
             ^^^^^^^^^^^^^^^^^^^^^^^^^^^^^^^^^^^^^^^^^^^^^^^^^^^^^^^^^^^^^
  File "/home/airflow/.local/lib/python3.11/site-packages/airflow/models/taskinstance.py", line 432, in _execute_callable
    return execute_callable(context=context, **execute_callable_kwargs)
           ^^^^^^^^^^^^^^^^^^^^^^^^^^^^^^^^^^^^^^^^^^^^^^^^^^^^^^^^^^^^
  File "/home/airflow/.local/lib/python3.11/site-packages/airflow/models/baseoperator.py", line 401, in wrapper
    return func(self, *args, **kwargs)
           ^^^^^^^^^^^^^^^^^^^^^^^^^^^
  File "/home/airflow/.local/lib/python3.11/site-packages/airflow/operators/bash.py", line 243, in execute
    raise AirflowException(
airflow.exceptions.AirflowException: Bash command failed. The command returned a non-zero exit code 1.
[2025-12-10T03:45:59.769+0000] {taskinstance.py:1206} INFO - Marking task as FAILED. dag_id=vogue_ai_data_etl, task_id=scrape_images, run_id=manual__2025-12-10T03:45:55.108573+00:00, execution_date=20251210T034555, start_date=20251210T034558, end_date=20251210T034559
[2025-12-10T03:45:59.779+0000] {standard_task_runner.py:110} ERROR - Failed to execute job 140 for task scrape_images (Bash command failed. The command returned a non-zero exit code 1.; 91)
[2025-12-10T03:45:59.798+0000] {local_task_job_runner.py:243} INFO - Task exited with return code 1
[2025-12-10T03:45:59.808+0000] {local_task_job_runner.py:222} INFO - ::endgroup::
